[2025-09-11 12:02:01,685] INFO: Google Cloud Speech-to-Text library loaded successfully
[2025-09-11 12:02:01,685] INFO: === Voice to Google Speech Recognition ===
[2025-09-11 12:02:01,685] INFO: Google Cloud Speech-to-Text library loaded successfully
[2025-09-11 12:02:01,685] INFO: Starting speech-to-text processing...
[2025-09-11 12:02:01,685] INFO: === Voice to Google Speech Recognition ===
[2025-09-11 12:02:01,685] INFO: Starting speech-to-text processing...
[2025-09-11 12:02:01,685] INFO: Found audio file at: /home/pi/Desktop/v2_Tripple S/aufnahme.wav
[2025-09-11 12:02:01,685] INFO: Found audio file at: /home/pi/Desktop/v2_Tripple S/aufnahme.wav
[2025-09-11 12:02:01,685] INFO: Processing audio file: aufnahme.wav
[2025-09-11 12:02:01,685] INFO: Processing audio file: aufnahme.wav
[2025-09-11 12:02:01,685] ERROR: GOOGLE_APPLICATION_CREDENTIALS environment variable not set
[2025-09-11 12:02:01,686] ERROR: Please set it to point to your service account key file:
[2025-09-11 12:02:01,686] INFO: Found Google credentials at: /home/pi/Desktop/v2_Tripple S/cloudKey.json
[2025-09-11 12:02:01,686] ERROR: export GOOGLE_APPLICATION_CREDENTIALS='/home/pi/Desktop/v2_Tripple S/cloudKey.json'
[2025-09-11 12:02:01,686] INFO: Attempting real Google Speech-to-Text recognition...
[2025-09-11 12:02:01,686] INFO: Found credentials at standard location: /home/pi/Desktop/v2_Tripple S/cloudKey.json
[2025-09-11 12:02:01,686] INFO: Found Google credentials at: /home/pi/Desktop/v2_Tripple S/cloudKey.json
[2025-09-11 12:02:01,686] INFO: Consider setting GOOGLE_APPLICATION_CREDENTIALS environment variable
[2025-09-11 12:02:01,686] INFO: Audio file size: 1,433,164 bytes (1.37 MB)
[2025-09-11 12:02:01,686] INFO: Attempting real Google Speech-to-Text recognition...
[2025-09-11 12:02:01,686] INFO: Initializing Google Speech-to-Text client...
[2025-09-11 12:02:01,686] INFO: Found Google credentials at: /home/pi/Desktop/v2_Tripple S/cloudKey.json
[2025-09-11 12:02:01,686] INFO: Audio file size: 1,433,164 bytes (1.37 MB)
[2025-09-11 12:02:01,686] INFO: Initializing Google Speech-to-Text client...
[2025-09-11 12:02:01,987] INFO: Reading audio file...
[2025-09-11 12:02:01,987] INFO: Reading audio file...
[2025-09-11 12:02:01,989] INFO: Sending audio to Google Speech-to-Text API...
[2025-09-11 12:02:01,989] INFO: Sending audio to Google Speech-to-Text API...
[2025-09-11 12:02:08,908] ERROR: Google Speech-to-Text API error: 400 Must use single channel (mono) audio, but WAV header indicates 2 channels.
[2025-09-11 12:02:08,908] ERROR: Error type: InvalidArgument
[2025-09-11 12:02:08,909] INFO: Falling back to simulation mode...
[2025-09-11 12:02:08,909] INFO: Using simulation mode for speech recognition
[2025-09-11 12:02:08,909] INFO: Processing audio file: /home/pi/Desktop/v2_Tripple S/aufnahme.wav
[2025-09-11 12:02:08,909] INFO: Audio file size: 1,433,164 bytes
[2025-09-11 12:02:08,909] INFO: Analyzing audio content... (estimated 1.4s)
[2025-09-11 12:02:08,909] INFO:   Processing... 1/1
[2025-09-11 12:02:08,979] ERROR: Google Speech-to-Text API error: 400 Must use single channel (mono) audio, but WAV header indicates 2 channels.
[2025-09-11 12:02:08,979] ERROR: Error type: InvalidArgument
[2025-09-11 12:02:08,979] INFO: Falling back to simulation mode...
[2025-09-11 12:02:08,979] INFO: Using simulation mode for speech recognition
[2025-09-11 12:02:08,979] INFO: Processing audio file: /home/pi/Desktop/v2_Tripple S/aufnahme.wav
[2025-09-11 12:02:08,979] INFO: Audio file size: 1,433,164 bytes
[2025-09-11 12:02:08,979] INFO: Analyzing audio content... (estimated 1.4s)
[2025-09-11 12:02:08,979] INFO:   Processing... 1/1
[2025-09-11 12:02:09,909] INFO: --- Recognition Result ---
[2025-09-11 12:02:09,909] INFO: "Dies ist eine ausführliche Audioaufnahme mit vielen Details. Die Spracherkennung hat erfolgreich den gesprochenen Inhalt erkannt und in Text umgewandelt. Dieser Text kann nun für die Bildgenerierung verwendet werden."
[2025-09-11 12:02:09,909] INFO: --- End Result ---
[2025-09-11 12:02:09,909] INFO: Transcript saved to: /home/pi/Desktop/v2_Tripple S/transkript.txt
[2025-09-11 12:02:09,909] INFO: Transcript content: 'Dies ist eine ausführliche Audioaufnahme mit vielen Details. Die Spracherkennung hat erfolgreich den gesprochenen Inhalt erkannt und in Text umgewandelt. Dieser Text kann nun für die Bildgenerierung verwendet werden.'
[2025-09-11 12:02:09,910] INFO: Found audio file at: /home/pi/Desktop/v2_Tripple S/aufnahme.wav
[2025-09-11 12:02:09,910] INFO: Transcript metadata saved to: /home/pi/Desktop/v2_Tripple S/transkript.json
[2025-09-11 12:02:09,910] INFO: --- Transcript ready for AI integration (Vertex AI compatible) ---
[2025-09-11 12:02:09,910] INFO: ✓ Speech recognition completed successfully
[2025-09-11 12:02:09,910] INFO: Speech recognition workflow completed successfully
[2025-09-11 12:02:09,981] INFO: --- Recognition Result ---
[2025-09-11 12:02:09,982] INFO: "Dies ist eine ausführliche Audioaufnahme mit vielen Details. Die Spracherkennung hat erfolgreich den gesprochenen Inhalt erkannt und in Text umgewandelt. Dieser Text kann nun für die Bildgenerierung verwendet werden."
[2025-09-11 12:02:09,982] INFO: --- End Result ---
[2025-09-11 12:02:09,982] INFO: Transcript saved to: /home/pi/Desktop/v2_Tripple S/transkript.txt
[2025-09-11 12:02:09,983] INFO: Transcript content: 'Dies ist eine ausführliche Audioaufnahme mit vielen Details. Die Spracherkennung hat erfolgreich den gesprochenen Inhalt erkannt und in Text umgewandelt. Dieser Text kann nun für die Bildgenerierung verwendet werden.'
[2025-09-11 12:02:09,983] INFO: Found audio file at: /home/pi/Desktop/v2_Tripple S/aufnahme.wav
[2025-09-11 12:02:09,983] INFO: Transcript metadata saved to: /home/pi/Desktop/v2_Tripple S/transkript.json
[2025-09-11 12:02:09,983] INFO: --- Transcript ready for AI integration (Vertex AI compatible) ---
[2025-09-11 12:02:09,984] INFO: ✓ Speech recognition completed successfully
[2025-09-11 12:02:09,984] INFO: Speech recognition workflow completed successfully
[2025-09-11 12:06:13,672] INFO: Google Cloud Speech-to-Text library loaded successfully
[2025-09-11 12:06:13,672] INFO: === Voice to Google Speech Recognition ===
[2025-09-11 12:06:13,672] INFO: Starting speech-to-text processing...
[2025-09-11 12:06:13,673] INFO: Found audio file at: /home/pi/Desktop/v2_Tripple S/aufnahme.wav
[2025-09-11 12:06:13,673] INFO: Processing audio file: aufnahme.wav
[2025-09-11 12:06:13,673] INFO: Found Google credentials at: /home/pi/Desktop/v2_Tripple S/cloudKey.json
[2025-09-11 12:06:13,673] INFO: Attempting real Google Speech-to-Text recognition...
[2025-09-11 12:06:13,673] INFO: Found Google credentials at: /home/pi/Desktop/v2_Tripple S/cloudKey.json
[2025-09-11 12:06:13,673] INFO: Audio file size: 881,964 bytes (0.84 MB)
[2025-09-11 12:06:13,673] INFO: Initializing Google Speech-to-Text client...
[2025-09-11 12:06:13,916] INFO: Reading audio file...
[2025-09-11 12:06:13,917] INFO: Sending audio to Google Speech-to-Text API...
[2025-09-11 12:06:14,440] ERROR: Google Speech-to-Text API error: 400 Must use single channel (mono) audio, but WAV header indicates 2 channels.
[2025-09-11 12:06:14,440] ERROR: Error type: InvalidArgument
[2025-09-11 12:06:14,440] INFO: Falling back to simulation mode...
[2025-09-11 12:06:14,440] INFO: Using simulation mode for speech recognition
[2025-09-11 12:06:14,440] INFO: Processing audio file: /home/pi/Desktop/v2_Tripple S/aufnahme.wav
[2025-09-11 12:06:14,440] INFO: Audio file size: 881,964 bytes
[2025-09-11 12:06:14,440] INFO: Analyzing audio content... (estimated 1.0s)
[2025-09-11 12:06:14,440] INFO:   Processing... 1/1
[2025-09-11 12:06:15,440] INFO: --- Recognition Result ---
[2025-09-11 12:06:15,441] INFO: "Dies ist eine ausführliche Audioaufnahme mit vielen Details. Die Spracherkennung hat erfolgreich den gesprochenen Inhalt erkannt und in Text umgewandelt. Dieser Text kann nun für die Bildgenerierung verwendet werden."
[2025-09-11 12:06:15,441] INFO: --- End Result ---
[2025-09-11 12:06:15,441] INFO: Transcript saved to: /home/pi/Desktop/v2_Tripple S/transkript.txt
[2025-09-11 12:06:15,441] INFO: Transcript content: 'Dies ist eine ausführliche Audioaufnahme mit vielen Details. Die Spracherkennung hat erfolgreich den gesprochenen Inhalt erkannt und in Text umgewandelt. Dieser Text kann nun für die Bildgenerierung verwendet werden.'
[2025-09-11 12:06:15,441] INFO: Found audio file at: /home/pi/Desktop/v2_Tripple S/aufnahme.wav
[2025-09-11 12:06:15,442] INFO: Transcript metadata saved to: /home/pi/Desktop/v2_Tripple S/transkript.json
[2025-09-11 12:06:15,442] INFO: --- Transcript ready for AI integration (Vertex AI compatible) ---
[2025-09-11 12:06:15,442] INFO: ✓ Speech recognition completed successfully
[2025-09-11 12:06:15,442] INFO: Speech recognition workflow completed successfully
[2025-09-11 12:06:39,762] INFO: Google Cloud Speech-to-Text library loaded successfully
[2025-09-11 12:06:39,762] INFO: === Voice to Google Speech Recognition ===
[2025-09-11 12:06:39,762] INFO: Starting speech-to-text processing...
[2025-09-11 12:06:39,762] INFO: Found audio file at: /home/pi/Desktop/v2_Tripple S/aufnahme.wav
[2025-09-11 12:06:39,762] INFO: Processing audio file: aufnahme.wav
[2025-09-11 12:06:39,762] ERROR: GOOGLE_APPLICATION_CREDENTIALS environment variable not set
[2025-09-11 12:06:39,763] ERROR: Please set it to point to your service account key file:
[2025-09-11 12:06:39,763] ERROR: export GOOGLE_APPLICATION_CREDENTIALS='/home/pi/Desktop/v2_Tripple S/cloudKey.json'
[2025-09-11 12:06:39,763] INFO: Found credentials at standard location: /home/pi/Desktop/v2_Tripple S/cloudKey.json
[2025-09-11 12:06:39,763] INFO: Consider setting GOOGLE_APPLICATION_CREDENTIALS environment variable
[2025-09-11 12:06:39,763] INFO: Attempting real Google Speech-to-Text recognition...
[2025-09-11 12:06:39,763] INFO: Found Google credentials at: /home/pi/Desktop/v2_Tripple S/cloudKey.json
[2025-09-11 12:06:39,763] INFO: Audio file size: 881,964 bytes (0.84 MB)
[2025-09-11 12:06:39,763] INFO: Initializing Google Speech-to-Text client...
[2025-09-11 12:06:40,008] INFO: Reading audio file...
[2025-09-11 12:06:40,014] INFO: Sending audio to Google Speech-to-Text API...
[2025-09-11 12:06:40,519] ERROR: Google Speech-to-Text API error: 400 Must use single channel (mono) audio, but WAV header indicates 2 channels.
[2025-09-11 12:06:40,519] ERROR: Error type: InvalidArgument
[2025-09-11 12:06:40,519] INFO: Falling back to simulation mode...
[2025-09-11 12:06:40,519] INFO: Using simulation mode for speech recognition
[2025-09-11 12:06:40,519] INFO: Processing audio file: /home/pi/Desktop/v2_Tripple S/aufnahme.wav
[2025-09-11 12:06:40,519] INFO: Audio file size: 881,964 bytes
[2025-09-11 12:06:40,519] INFO: Analyzing audio content... (estimated 1.0s)
[2025-09-11 12:06:40,519] INFO:   Processing... 1/1
[2025-09-11 12:06:41,519] INFO: --- Recognition Result ---
[2025-09-11 12:06:41,519] INFO: "Dies ist eine ausführliche Audioaufnahme mit vielen Details. Die Spracherkennung hat erfolgreich den gesprochenen Inhalt erkannt und in Text umgewandelt. Dieser Text kann nun für die Bildgenerierung verwendet werden."
[2025-09-11 12:06:41,519] INFO: --- End Result ---
[2025-09-11 12:06:41,520] INFO: Transcript saved to: /home/pi/Desktop/v2_Tripple S/transkript.txt
[2025-09-11 12:06:41,520] INFO: Transcript content: 'Dies ist eine ausführliche Audioaufnahme mit vielen Details. Die Spracherkennung hat erfolgreich den gesprochenen Inhalt erkannt und in Text umgewandelt. Dieser Text kann nun für die Bildgenerierung verwendet werden.'
[2025-09-11 12:06:41,520] INFO: Found audio file at: /home/pi/Desktop/v2_Tripple S/aufnahme.wav
[2025-09-11 12:06:41,520] INFO: Transcript metadata saved to: /home/pi/Desktop/v2_Tripple S/transkript.json
[2025-09-11 12:06:41,520] INFO: --- Transcript ready for AI integration (Vertex AI compatible) ---
[2025-09-11 12:06:41,520] INFO: ✓ Speech recognition completed successfully
[2025-09-11 12:06:41,520] INFO: Speech recognition workflow completed successfully
[2025-09-11 12:07:45,238] INFO: Google Cloud Speech-to-Text library loaded successfully
[2025-09-11 12:07:45,238] INFO: === Voice to Google Speech Recognition ===
[2025-09-11 12:07:45,238] INFO: Starting speech-to-text processing...
[2025-09-11 12:07:45,238] INFO: Found audio file at: /home/pi/Desktop/v2_Tripple S/aufnahme.wav
[2025-09-11 12:07:45,238] INFO: Processing audio file: aufnahme.wav
[2025-09-11 12:07:45,238] INFO: Found Google credentials at: /home/pi/Desktop/v2_Tripple S/cloudKey.json
[2025-09-11 12:07:45,238] INFO: Attempting real Google Speech-to-Text recognition...
[2025-09-11 12:07:45,238] INFO: Found Google credentials at: /home/pi/Desktop/v2_Tripple S/cloudKey.json
[2025-09-11 12:07:45,238] INFO: Audio file size: 1,212,684 bytes (1.16 MB)
[2025-09-11 12:07:45,238] INFO: Initializing Google Speech-to-Text client...
[2025-09-11 12:07:45,477] INFO: Reading audio file...
[2025-09-11 12:07:45,478] INFO: Sending audio to Google Speech-to-Text API...
[2025-09-11 12:07:46,056] ERROR: Google Speech-to-Text API error: 400 Must use single channel (mono) audio, but WAV header indicates 2 channels.
[2025-09-11 12:07:46,056] ERROR: Error type: InvalidArgument
[2025-09-11 12:07:46,056] INFO: Falling back to simulation mode...
[2025-09-11 12:07:46,056] INFO: Using simulation mode for speech recognition
[2025-09-11 12:07:46,056] INFO: Processing audio file: /home/pi/Desktop/v2_Tripple S/aufnahme.wav
[2025-09-11 12:07:46,056] INFO: Audio file size: 1,212,684 bytes
[2025-09-11 12:07:46,056] INFO: Analyzing audio content... (estimated 1.2s)
[2025-09-11 12:07:46,056] INFO:   Processing... 1/1
[2025-09-11 12:07:46,057] INFO: Google Cloud Speech-to-Text library loaded successfully
[2025-09-11 12:07:46,057] INFO: === Voice to Google Speech Recognition ===
[2025-09-11 12:07:46,057] INFO: Starting speech-to-text processing...
[2025-09-11 12:07:46,057] INFO: Found audio file at: /home/pi/Desktop/v2_Tripple S/aufnahme.wav
[2025-09-11 12:07:46,057] INFO: Processing audio file: aufnahme.wav
[2025-09-11 12:07:46,058] ERROR: GOOGLE_APPLICATION_CREDENTIALS environment variable not set
[2025-09-11 12:07:46,058] ERROR: Please set it to point to your service account key file:
[2025-09-11 12:07:46,058] ERROR: export GOOGLE_APPLICATION_CREDENTIALS='/home/pi/Desktop/v2_Tripple S/cloudKey.json'
[2025-09-11 12:07:46,058] INFO: Found credentials at standard location: /home/pi/Desktop/v2_Tripple S/cloudKey.json
[2025-09-11 12:07:46,058] INFO: Consider setting GOOGLE_APPLICATION_CREDENTIALS environment variable
[2025-09-11 12:07:46,058] INFO: Attempting real Google Speech-to-Text recognition...
[2025-09-11 12:07:46,058] INFO: Found Google credentials at: /home/pi/Desktop/v2_Tripple S/cloudKey.json
[2025-09-11 12:07:46,058] INFO: Audio file size: 1,212,684 bytes (1.16 MB)
[2025-09-11 12:07:46,058] INFO: Initializing Google Speech-to-Text client...
[2025-09-11 12:07:46,296] INFO: Reading audio file...
[2025-09-11 12:07:46,297] INFO: Sending audio to Google Speech-to-Text API...
[2025-09-11 12:07:46,876] ERROR: Google Speech-to-Text API error: 400 Must use single channel (mono) audio, but WAV header indicates 2 channels.
[2025-09-11 12:07:46,876] ERROR: Error type: InvalidArgument
[2025-09-11 12:07:46,876] INFO: Falling back to simulation mode...
[2025-09-11 12:07:46,876] INFO: Using simulation mode for speech recognition
[2025-09-11 12:07:46,876] INFO: Processing audio file: /home/pi/Desktop/v2_Tripple S/aufnahme.wav
[2025-09-11 12:07:46,876] INFO: Audio file size: 1,212,684 bytes
[2025-09-11 12:07:46,877] INFO: Analyzing audio content... (estimated 1.2s)
[2025-09-11 12:07:46,877] INFO:   Processing... 1/1
[2025-09-11 12:07:47,056] INFO: --- Recognition Result ---
[2025-09-11 12:07:47,057] INFO: "Dies ist eine ausführliche Audioaufnahme mit vielen Details. Die Spracherkennung hat erfolgreich den gesprochenen Inhalt erkannt und in Text umgewandelt. Dieser Text kann nun für die Bildgenerierung verwendet werden."
[2025-09-11 12:07:47,057] INFO: --- End Result ---
[2025-09-11 12:07:47,057] INFO: Transcript saved to: /home/pi/Desktop/v2_Tripple S/transkript.txt
[2025-09-11 12:07:47,057] INFO: Transcript content: 'Dies ist eine ausführliche Audioaufnahme mit vielen Details. Die Spracherkennung hat erfolgreich den gesprochenen Inhalt erkannt und in Text umgewandelt. Dieser Text kann nun für die Bildgenerierung verwendet werden.'
[2025-09-11 12:07:47,057] INFO: Found audio file at: /home/pi/Desktop/v2_Tripple S/aufnahme.wav
[2025-09-11 12:07:47,058] INFO: Transcript metadata saved to: /home/pi/Desktop/v2_Tripple S/transkript.json
[2025-09-11 12:07:47,058] INFO: --- Transcript ready for AI integration (Vertex AI compatible) ---
[2025-09-11 12:07:47,058] INFO: ✓ Speech recognition completed successfully
[2025-09-11 12:07:47,058] INFO: Speech recognition workflow completed successfully
[2025-09-11 12:07:47,877] INFO: --- Recognition Result ---
[2025-09-11 12:07:47,877] INFO: "Dies ist eine ausführliche Audioaufnahme mit vielen Details. Die Spracherkennung hat erfolgreich den gesprochenen Inhalt erkannt und in Text umgewandelt. Dieser Text kann nun für die Bildgenerierung verwendet werden."
[2025-09-11 12:07:47,877] INFO: --- End Result ---
[2025-09-11 12:07:47,877] INFO: Transcript saved to: /home/pi/Desktop/v2_Tripple S/transkript.txt
[2025-09-11 12:07:47,877] INFO: Transcript content: 'Dies ist eine ausführliche Audioaufnahme mit vielen Details. Die Spracherkennung hat erfolgreich den gesprochenen Inhalt erkannt und in Text umgewandelt. Dieser Text kann nun für die Bildgenerierung verwendet werden.'
[2025-09-11 12:07:47,877] INFO: Found audio file at: /home/pi/Desktop/v2_Tripple S/aufnahme.wav
[2025-09-11 12:07:47,878] INFO: Transcript metadata saved to: /home/pi/Desktop/v2_Tripple S/transkript.json
[2025-09-11 12:07:47,878] INFO: --- Transcript ready for AI integration (Vertex AI compatible) ---
[2025-09-11 12:07:47,878] INFO: ✓ Speech recognition completed successfully
[2025-09-11 12:07:47,878] INFO: Speech recognition workflow completed successfully
[2025-09-11 12:11:37,314] INFO: Google Cloud Speech-to-Text library loaded successfully
[2025-09-11 12:11:37,315] INFO: === Voice to Google Speech Recognition ===
[2025-09-11 12:11:37,315] INFO: Starting speech-to-text processing...
[2025-09-11 12:11:37,315] INFO: Found audio file at: /home/pi/Desktop/v2_Tripple S/aufnahme.wav
[2025-09-11 12:11:37,315] INFO: Processing audio file: aufnahme.wav
[2025-09-11 12:11:37,315] ERROR: GOOGLE_APPLICATION_CREDENTIALS environment variable not set
[2025-09-11 12:11:37,315] ERROR: Please set it to point to your service account key file:
[2025-09-11 12:11:37,315] ERROR: export GOOGLE_APPLICATION_CREDENTIALS='/home/pi/Desktop/v2_Tripple S/cloudKey.json'
[2025-09-11 12:11:37,315] INFO: Found credentials at standard location: /home/pi/Desktop/v2_Tripple S/cloudKey.json
[2025-09-11 12:11:37,315] INFO: Consider setting GOOGLE_APPLICATION_CREDENTIALS environment variable
[2025-09-11 12:11:37,315] INFO: Attempting real Google Speech-to-Text recognition...
[2025-09-11 12:11:37,315] INFO: Found Google credentials at: /home/pi/Desktop/v2_Tripple S/cloudKey.json
[2025-09-11 12:11:37,315] INFO: Audio file size: 1,212,684 bytes (1.16 MB)
[2025-09-11 12:11:37,315] INFO: Initializing Google Speech-to-Text client...
[2025-09-11 12:11:37,555] INFO: Reading audio file...
[2025-09-11 12:11:37,556] INFO: Sending audio to Google Speech-to-Text API...
[2025-09-11 12:11:38,194] ERROR: Google Speech-to-Text API error: 400 Must use single channel (mono) audio, but WAV header indicates 2 channels.
[2025-09-11 12:11:38,194] ERROR: Error type: InvalidArgument
[2025-09-11 12:11:38,194] INFO: Falling back to simulation mode...
[2025-09-11 12:11:38,195] INFO: Using simulation mode for speech recognition
[2025-09-11 12:11:38,195] INFO: Processing audio file: /home/pi/Desktop/v2_Tripple S/aufnahme.wav
[2025-09-11 12:11:38,195] INFO: Audio file size: 1,212,684 bytes
[2025-09-11 12:11:38,195] INFO: Analyzing audio content... (estimated 1.2s)
[2025-09-11 12:11:38,195] INFO:   Processing... 1/1
[2025-09-11 12:11:39,195] INFO: --- Recognition Result ---
[2025-09-11 12:11:39,195] INFO: "Dies ist eine ausführliche Audioaufnahme mit vielen Details. Die Spracherkennung hat erfolgreich den gesprochenen Inhalt erkannt und in Text umgewandelt. Dieser Text kann nun für die Bildgenerierung verwendet werden."
[2025-09-11 12:11:39,195] INFO: --- End Result ---
[2025-09-11 12:11:39,195] INFO: Transcript saved to: /home/pi/Desktop/v2_Tripple S/transkript.txt
[2025-09-11 12:11:39,195] INFO: Transcript content: 'Dies ist eine ausführliche Audioaufnahme mit vielen Details. Die Spracherkennung hat erfolgreich den gesprochenen Inhalt erkannt und in Text umgewandelt. Dieser Text kann nun für die Bildgenerierung verwendet werden.'
[2025-09-11 12:11:39,196] INFO: Found audio file at: /home/pi/Desktop/v2_Tripple S/aufnahme.wav
[2025-09-11 12:11:39,196] INFO: Transcript metadata saved to: /home/pi/Desktop/v2_Tripple S/transkript.json
[2025-09-11 12:11:39,196] INFO: --- Transcript ready for AI integration (Vertex AI compatible) ---
[2025-09-11 12:11:39,196] INFO: ✓ Speech recognition completed successfully
[2025-09-11 12:11:39,196] INFO: Speech recognition workflow completed successfully
[2025-09-11 12:43:15,549] INFO: Google Cloud Speech-to-Text library loaded successfully
[2025-09-11 12:43:15,549] INFO: === Voice to Google Speech Recognition ===
[2025-09-11 12:43:15,550] INFO: Starting speech-to-text processing...
[2025-09-11 12:43:15,550] INFO: Found audio file at: /home/pi/Desktop/v2_Tripple S/aufnahme.wav
[2025-09-11 12:43:15,550] INFO: Processing audio file: aufnahme.wav
[2025-09-11 12:43:15,550] INFO: Attempting real Google Speech-to-Text recognition...
[2025-09-11 12:43:15,550] ERROR: GOOGLE_APPLICATION_CREDENTIALS environment variable not set
[2025-09-11 12:43:15,550] ERROR: Please set it to point to your service account key file:
[2025-09-11 12:43:15,550] ERROR: export GOOGLE_APPLICATION_CREDENTIALS='/home/pi/Desktop/v2_Tripple S/cloudKey.json'
[2025-09-11 12:43:15,550] INFO: Found credentials at standard location: /home/pi/Desktop/v2_Tripple S/cloudKey.json
[2025-09-11 12:43:15,550] INFO: Consider setting GOOGLE_APPLICATION_CREDENTIALS environment variable
[2025-09-11 12:43:15,550] INFO: === Audio Format Validation ===
[2025-09-11 12:43:15,550] INFO: Audio format analysis:
[2025-09-11 12:43:15,550] INFO:   Channels: 2 (stereo)
[2025-09-11 12:43:15,550] INFO:   Sample rate: 44100 Hz
[2025-09-11 12:43:15,550] INFO:   Sample width: 16 bits
[2025-09-11 12:43:15,550] WARNING: ⚠ Audio is in stereo format - Google Speech-to-Text requires mono
[2025-09-11 12:43:15,550] INFO: Converting to mono format automatically...
[2025-09-11 12:43:15,550] INFO: Converting stereo audio to mono...
[2025-09-11 12:43:15,550] INFO:   Input: /home/pi/Desktop/v2_Tripple S/aufnahme.wav
[2025-09-11 12:43:15,550] INFO:   Output: /home/pi/Desktop/v2_Tripple S/aufnahme_mono.wav
[2025-09-11 12:43:16,210] WARNING: Speech recognition interrupted by user
[2025-09-11 12:43:54,488] INFO: Google Cloud Speech-to-Text library loaded successfully
[2025-09-11 12:43:54,490] INFO: === Voice to Google Speech Recognition ===
[2025-09-11 12:43:54,490] INFO: Starting speech-to-text processing...
[2025-09-11 12:43:54,491] INFO: Found audio file at: /home/pi/Desktop/v2_Tripple S/aufnahme.wav
[2025-09-11 12:43:54,491] INFO: Processing audio file: aufnahme.wav
[2025-09-11 12:43:54,491] INFO: Attempting real Google Speech-to-Text recognition...
[2025-09-11 12:43:54,491] INFO: Found Google credentials at: /home/pi/Desktop/v2_Tripple S/cloudKey.json
[2025-09-11 12:43:54,491] INFO: === Audio Format Validation ===
[2025-09-11 12:43:54,491] INFO: Audio format analysis:
[2025-09-11 12:43:54,491] INFO:   Channels: 1 (mono)
[2025-09-11 12:43:54,491] INFO:   Sample rate: 44100 Hz
[2025-09-11 12:43:54,492] INFO:   Sample width: 16 bits
[2025-09-11 12:43:54,492] INFO: ✓ Audio is already in mono format - no conversion needed
[2025-09-11 12:43:54,492] INFO: Audio file size: 628,412 bytes (0.60 MB)
[2025-09-11 12:43:54,493] INFO: Initializing Google Speech-to-Text client...
[2025-09-11 12:43:55,634] INFO: Reading mono audio file...
[2025-09-11 12:43:55,636] INFO: Sending mono audio to Google Speech-to-Text API...
[2025-09-11 12:43:55,636] INFO: Using configuration: MONO (1 channel), 44.1kHz, 16-bit PCM, German language
[2025-09-11 12:43:55,770] INFO: Google Cloud Speech-to-Text library loaded successfully
[2025-09-11 12:43:55,771] INFO: === Voice to Google Speech Recognition ===
[2025-09-11 12:43:55,771] INFO: Starting speech-to-text processing...
[2025-09-11 12:43:55,771] INFO: Found audio file at: /home/pi/Desktop/v2_Tripple S/aufnahme.wav
[2025-09-11 12:43:55,771] INFO: Processing audio file: aufnahme.wav
[2025-09-11 12:43:55,771] INFO: Attempting real Google Speech-to-Text recognition...
[2025-09-11 12:43:55,772] ERROR: GOOGLE_APPLICATION_CREDENTIALS environment variable not set
[2025-09-11 12:43:55,772] ERROR: Please set it to point to your service account key file:
[2025-09-11 12:43:55,772] ERROR: export GOOGLE_APPLICATION_CREDENTIALS='/home/pi/Desktop/v2_Tripple S/cloudKey.json'
[2025-09-11 12:43:55,772] INFO: Found credentials at standard location: /home/pi/Desktop/v2_Tripple S/cloudKey.json
[2025-09-11 12:43:55,772] INFO: Consider setting GOOGLE_APPLICATION_CREDENTIALS environment variable
[2025-09-11 12:43:55,772] INFO: === Audio Format Validation ===
[2025-09-11 12:43:55,772] INFO: Audio format analysis:
[2025-09-11 12:43:55,772] INFO:   Channels: 1 (mono)
[2025-09-11 12:43:55,772] INFO:   Sample rate: 44100 Hz
[2025-09-11 12:43:55,772] INFO:   Sample width: 16 bits
[2025-09-11 12:43:55,772] INFO: ✓ Audio is already in mono format - no conversion needed
[2025-09-11 12:43:55,772] INFO: Audio file size: 628,412 bytes (0.60 MB)
[2025-09-11 12:43:55,772] INFO: Initializing Google Speech-to-Text client...
[2025-09-11 12:43:56,011] INFO: Reading mono audio file...
[2025-09-11 12:43:56,011] INFO: Sending mono audio to Google Speech-to-Text API...
[2025-09-11 12:43:56,012] INFO: Using configuration: MONO (1 channel), 44.1kHz, 16-bit PCM, German language
[2025-09-11 12:43:57,885] INFO: Transcript segment: 'Ein Nilpferd was lila ist und ein Text heute sind wir schwul.' (confidence: 0.91)
[2025-09-11 12:43:57,885] INFO: Speech recognition completed successfully
[2025-09-11 12:43:57,885] INFO: Average confidence: 0.91
[2025-09-11 12:43:57,885] INFO: Full transcript: 'Ein Nilpferd was lila ist und ein Text heute sind wir schwul.'
[2025-09-11 12:43:57,885] INFO: ✓ Real Google Speech-to-Text succeeded!
[2025-09-11 12:43:57,885] INFO: --- Recognition Result ---
[2025-09-11 12:43:57,885] INFO: "Ein Nilpferd was lila ist und ein Text heute sind wir schwul."
[2025-09-11 12:43:57,885] INFO: --- End Result ---
[2025-09-11 12:43:57,886] INFO: Transcript saved to: /home/pi/Desktop/v2_Tripple S/transkript.txt
[2025-09-11 12:43:57,886] INFO: Transcript content: 'Ein Nilpferd was lila ist und ein Text heute sind wir schwul.'
[2025-09-11 12:43:57,886] INFO: Processing method: google_speech_api
[2025-09-11 12:43:57,886] INFO: Found audio file at: /home/pi/Desktop/v2_Tripple S/aufnahme.wav
[2025-09-11 12:43:57,887] INFO: Transcript metadata saved to: /home/pi/Desktop/v2_Tripple S/transkript.json
[2025-09-11 12:43:57,887] INFO: ✓ Real Google Speech Recognition - transcript contains actual speech content
[2025-09-11 12:43:57,887] INFO: --- Transcript ready for AI integration (Vertex AI compatible) ---
[2025-09-11 12:43:57,887] INFO: ✓ Speech recognition completed successfully
[2025-09-11 12:43:57,887] INFO: Speech recognition workflow completed successfully
[2025-09-11 12:43:58,260] INFO: Transcript segment: 'Ein Nilpferd was lila ist und ein Text heute sind wir schwul.' (confidence: 0.91)
[2025-09-11 12:43:58,261] INFO: Speech recognition completed successfully
[2025-09-11 12:43:58,261] INFO: Average confidence: 0.91
[2025-09-11 12:43:58,261] INFO: Full transcript: 'Ein Nilpferd was lila ist und ein Text heute sind wir schwul.'
[2025-09-11 12:43:58,261] INFO: ✓ Real Google Speech-to-Text succeeded!
[2025-09-11 12:43:58,261] INFO: --- Recognition Result ---
[2025-09-11 12:43:58,261] INFO: "Ein Nilpferd was lila ist und ein Text heute sind wir schwul."
[2025-09-11 12:43:58,261] INFO: --- End Result ---
[2025-09-11 12:43:58,262] INFO: Transcript saved to: /home/pi/Desktop/v2_Tripple S/transkript.txt
[2025-09-11 12:43:58,262] INFO: Transcript content: 'Ein Nilpferd was lila ist und ein Text heute sind wir schwul.'
[2025-09-11 12:43:58,262] INFO: Processing method: google_speech_api
[2025-09-11 12:43:58,262] INFO: Found audio file at: /home/pi/Desktop/v2_Tripple S/aufnahme.wav
[2025-09-11 12:43:58,265] INFO: Transcript metadata saved to: /home/pi/Desktop/v2_Tripple S/transkript.json
[2025-09-11 12:43:58,265] INFO: ✓ Real Google Speech Recognition - transcript contains actual speech content
[2025-09-11 12:43:58,265] INFO: --- Transcript ready for AI integration (Vertex AI compatible) ---
[2025-09-11 12:43:58,265] INFO: ✓ Speech recognition completed successfully
[2025-09-11 12:43:58,265] INFO: Speech recognition workflow completed successfully
[2025-09-11 13:14:47,289] INFO: Google Cloud Speech-to-Text library loaded successfully
[2025-09-11 13:14:47,290] INFO: === Voice to Google Speech Recognition ===
[2025-09-11 13:14:47,290] INFO: Starting speech-to-text processing...
[2025-09-11 13:14:47,290] INFO: Found audio file at: /home/pi/Desktop/v2_Tripple S/aufnahme.wav
[2025-09-11 13:14:47,290] INFO: Processing audio file: aufnahme.wav
[2025-09-11 13:14:47,290] INFO: Attempting real Google Speech-to-Text recognition...
[2025-09-11 13:14:47,290] ERROR: GOOGLE_APPLICATION_CREDENTIALS environment variable not set
[2025-09-11 13:14:47,290] ERROR: Please set it to point to your service account key file:
[2025-09-11 13:14:47,290] ERROR: export GOOGLE_APPLICATION_CREDENTIALS='/home/pi/Desktop/v2_Tripple S/cloudKey.json'
[2025-09-11 13:14:47,290] INFO: Found credentials at standard location: /home/pi/Desktop/v2_Tripple S/cloudKey.json
[2025-09-11 13:14:47,290] INFO: Consider setting GOOGLE_APPLICATION_CREDENTIALS environment variable
[2025-09-11 13:14:47,290] INFO: === Audio Format Validation ===
[2025-09-11 13:14:47,291] INFO: Audio format analysis:
[2025-09-11 13:14:47,291] INFO:   Channels: 1 (mono)
[2025-09-11 13:14:47,291] INFO:   Sample rate: 44100 Hz
[2025-09-11 13:14:47,291] INFO:   Sample width: 16 bits
[2025-09-11 13:14:47,291] INFO: ✓ Audio is already in mono format - no conversion needed
[2025-09-11 13:14:47,291] INFO: Audio file size: 628,412 bytes (0.60 MB)
[2025-09-11 13:14:47,291] INFO: Initializing Google Speech-to-Text client...
[2025-09-11 13:14:47,554] INFO: Reading mono audio file...
[2025-09-11 13:14:47,559] INFO: Sending mono audio to Google Speech-to-Text API...
[2025-09-11 13:14:47,559] INFO: Using configuration: MONO (1 channel), 44.1kHz, 16-bit PCM, German language
[2025-09-11 13:14:49,867] INFO: Transcript segment: 'Ein Nilpferd was lila ist und ein Text heute sind wir schwul.' (confidence: 0.91)
[2025-09-11 13:14:49,867] INFO: Speech recognition completed successfully
[2025-09-11 13:14:49,867] INFO: Average confidence: 0.91
[2025-09-11 13:14:49,867] INFO: Full transcript: 'Ein Nilpferd was lila ist und ein Text heute sind wir schwul.'
[2025-09-11 13:14:49,867] INFO: ✓ Real Google Speech-to-Text succeeded!
[2025-09-11 13:14:49,867] INFO: --- Recognition Result ---
[2025-09-11 13:14:49,868] INFO: "Ein Nilpferd was lila ist und ein Text heute sind wir schwul."
[2025-09-11 13:14:49,868] INFO: --- End Result ---
[2025-09-11 13:14:49,868] INFO: Transcript saved to: /home/pi/Desktop/v2_Tripple S/transkript.txt
[2025-09-11 13:14:49,868] INFO: Transcript content: 'Ein Nilpferd was lila ist und ein Text heute sind wir schwul.'
[2025-09-11 13:14:49,868] INFO: Processing method: google_speech_api
[2025-09-11 13:14:49,868] INFO: Found audio file at: /home/pi/Desktop/v2_Tripple S/aufnahme.wav
[2025-09-11 13:14:49,868] INFO: Transcript metadata saved to: /home/pi/Desktop/v2_Tripple S/transkript.json
[2025-09-11 13:14:49,868] INFO: ✓ Real Google Speech Recognition - transcript contains actual speech content
[2025-09-11 13:14:49,868] INFO: --- Transcript ready for AI integration (Vertex AI compatible) ---
[2025-09-11 13:14:49,868] INFO: ✓ Speech recognition completed successfully
[2025-09-11 13:14:49,868] INFO: Speech recognition workflow completed successfully
[2025-09-11 13:15:32,443] INFO: Google Cloud Speech-to-Text library loaded successfully
[2025-09-11 13:15:32,444] INFO: === Voice to Google Speech Recognition ===
[2025-09-11 13:15:32,444] INFO: Starting speech-to-text processing...
[2025-09-11 13:15:32,444] INFO: Found audio file at: /home/pi/Desktop/v2_Tripple S/aufnahme.wav
[2025-09-11 13:15:32,444] INFO: Processing audio file: aufnahme.wav
[2025-09-11 13:15:32,444] INFO: Attempting real Google Speech-to-Text recognition...
[2025-09-11 13:15:32,444] ERROR: GOOGLE_APPLICATION_CREDENTIALS environment variable not set
[2025-09-11 13:15:32,444] ERROR: Please set it to point to your service account key file:
[2025-09-11 13:15:32,444] ERROR: export GOOGLE_APPLICATION_CREDENTIALS='/home/pi/Desktop/v2_Tripple S/cloudKey.json'
[2025-09-11 13:15:32,444] INFO: Found credentials at standard location: /home/pi/Desktop/v2_Tripple S/cloudKey.json
[2025-09-11 13:15:32,444] INFO: Consider setting GOOGLE_APPLICATION_CREDENTIALS environment variable
[2025-09-11 13:15:32,444] INFO: === Audio Format Validation ===
[2025-09-11 13:15:32,445] INFO: Audio format analysis:
[2025-09-11 13:15:32,445] INFO:   Channels: 1 (mono)
[2025-09-11 13:15:32,445] INFO:   Sample rate: 44100 Hz
[2025-09-11 13:15:32,445] INFO:   Sample width: 16 bits
[2025-09-11 13:15:32,445] INFO: ✓ Audio is already in mono format - no conversion needed
[2025-09-11 13:15:32,445] INFO: Audio file size: 463,052 bytes (0.44 MB)
[2025-09-11 13:15:32,445] INFO: Initializing Google Speech-to-Text client...
[2025-09-11 13:15:32,684] INFO: Reading mono audio file...
[2025-09-11 13:15:32,685] INFO: Sending mono audio to Google Speech-to-Text API...
[2025-09-11 13:15:32,685] INFO: Using configuration: MONO (1 channel), 44.1kHz, 16-bit PCM, German language
[2025-09-11 13:15:34,339] INFO: Transcript segment: 'ein Bild von einer Kuh die Superkräfte hat' (confidence: 0.85)
[2025-09-11 13:15:34,339] INFO: Speech recognition completed successfully
[2025-09-11 13:15:34,339] INFO: Average confidence: 0.85
[2025-09-11 13:15:34,339] INFO: Full transcript: 'ein Bild von einer Kuh die Superkräfte hat'
[2025-09-11 13:15:34,339] INFO: ✓ Real Google Speech-to-Text succeeded!
[2025-09-11 13:15:34,339] INFO: --- Recognition Result ---
[2025-09-11 13:15:34,340] INFO: "ein Bild von einer Kuh die Superkräfte hat"
[2025-09-11 13:15:34,340] INFO: --- End Result ---
[2025-09-11 13:15:34,340] INFO: Transcript saved to: /home/pi/Desktop/v2_Tripple S/transkript.txt
[2025-09-11 13:15:34,340] INFO: Transcript content: 'ein Bild von einer Kuh die Superkräfte hat'
[2025-09-11 13:15:34,340] INFO: Processing method: google_speech_api
[2025-09-11 13:15:34,340] INFO: Found audio file at: /home/pi/Desktop/v2_Tripple S/aufnahme.wav
[2025-09-11 13:15:34,341] INFO: Transcript metadata saved to: /home/pi/Desktop/v2_Tripple S/transkript.json
[2025-09-11 13:15:34,341] INFO: ✓ Real Google Speech Recognition - transcript contains actual speech content
[2025-09-11 13:15:34,341] INFO: --- Transcript ready for AI integration (Vertex AI compatible) ---
[2025-09-11 13:15:34,341] INFO: ✓ Speech recognition completed successfully
[2025-09-11 13:15:34,341] INFO: Speech recognition workflow completed successfully
[2025-09-11 13:37:20,643] INFO: Google Cloud Speech-to-Text library loaded successfully
[2025-09-11 13:37:20,643] INFO: === Voice to Google Speech Recognition ===
[2025-09-11 13:37:20,643] INFO: Starting speech-to-text processing...
[2025-09-11 13:37:20,644] INFO: Found audio file at: /home/pi/Desktop/v2_Tripple S/aufnahme.wav
[2025-09-11 13:37:20,644] INFO: Processing audio file: aufnahme.wav
[2025-09-11 13:37:20,644] INFO: Attempting real Google Speech-to-Text recognition...
[2025-09-11 13:37:20,644] INFO: Found Google credentials at: /home/pi/Desktop/v2_Tripple S/cloudKey.json
[2025-09-11 13:37:20,644] INFO: === Audio Format Validation ===
[2025-09-11 13:37:20,644] INFO: Audio format analysis:
[2025-09-11 13:37:20,644] INFO:   Channels: 1 (mono)
[2025-09-11 13:37:20,644] INFO:   Sample rate: 44100 Hz
[2025-09-11 13:37:20,644] INFO:   Sample width: 16 bits
[2025-09-11 13:37:20,644] INFO: ✓ Audio is already in mono format - no conversion needed
[2025-09-11 13:37:20,644] INFO: Audio file size: 1,135,516 bytes (1.08 MB)
[2025-09-11 13:37:20,644] INFO: Initializing Google Speech-to-Text client...
[2025-09-11 13:37:20,952] INFO: Reading mono audio file...
[2025-09-11 13:37:20,958] INFO: Sending mono audio to Google Speech-to-Text API...
[2025-09-11 13:37:20,958] INFO: Using configuration: MONO (1 channel), 44.1kHz, 16-bit PCM, German language
[2025-09-11 13:37:21,147] INFO: Google Cloud Speech-to-Text library loaded successfully
[2025-09-11 13:37:21,147] INFO: === Voice to Google Speech Recognition ===
[2025-09-11 13:37:21,147] INFO: Starting speech-to-text processing...
[2025-09-11 13:37:21,147] INFO: Found audio file at: /home/pi/Desktop/v2_Tripple S/aufnahme.wav
[2025-09-11 13:37:21,147] INFO: Processing audio file: aufnahme.wav
[2025-09-11 13:37:21,147] INFO: Attempting real Google Speech-to-Text recognition...
[2025-09-11 13:37:21,147] ERROR: GOOGLE_APPLICATION_CREDENTIALS environment variable not set
[2025-09-11 13:37:21,147] ERROR: Please set it to point to your service account key file:
[2025-09-11 13:37:21,147] ERROR: export GOOGLE_APPLICATION_CREDENTIALS='/home/pi/Desktop/v2_Tripple S/cloudKey.json'
[2025-09-11 13:37:21,148] INFO: Found credentials at standard location: /home/pi/Desktop/v2_Tripple S/cloudKey.json
[2025-09-11 13:37:21,148] INFO: Consider setting GOOGLE_APPLICATION_CREDENTIALS environment variable
[2025-09-11 13:37:21,148] INFO: === Audio Format Validation ===
[2025-09-11 13:37:21,148] INFO: Audio format analysis:
[2025-09-11 13:37:21,148] INFO:   Channels: 1 (mono)
[2025-09-11 13:37:21,148] INFO:   Sample rate: 44100 Hz
[2025-09-11 13:37:21,148] INFO:   Sample width: 16 bits
[2025-09-11 13:37:21,148] INFO: ✓ Audio is already in mono format - no conversion needed
[2025-09-11 13:37:21,148] INFO: Audio file size: 1,135,516 bytes (1.08 MB)
[2025-09-11 13:37:21,148] INFO: Initializing Google Speech-to-Text client...
[2025-09-11 13:37:21,387] INFO: Reading mono audio file...
[2025-09-11 13:37:21,388] INFO: Sending mono audio to Google Speech-to-Text API...
[2025-09-11 13:37:21,388] INFO: Using configuration: MONO (1 channel), 44.1kHz, 16-bit PCM, German language
[2025-09-11 13:37:25,165] INFO: Transcript segment: 'Ein Bild von einer Kuh die Milch gerade ab. Bekommt und ein Text frische Milch des Liter 2 €.' (confidence: 0.81)
[2025-09-11 13:37:25,166] INFO: Speech recognition completed successfully
[2025-09-11 13:37:25,166] INFO: Average confidence: 0.81
[2025-09-11 13:37:25,166] INFO: Full transcript: 'Ein Bild von einer Kuh die Milch gerade ab. Bekommt und ein Text frische Milch des Liter 2 €.'
[2025-09-11 13:37:25,166] INFO: ✓ Real Google Speech-to-Text succeeded!
[2025-09-11 13:37:25,167] INFO: --- Recognition Result ---
[2025-09-11 13:37:25,167] INFO: "Ein Bild von einer Kuh die Milch gerade ab. Bekommt und ein Text frische Milch des Liter 2 €."
[2025-09-11 13:37:25,167] INFO: --- End Result ---
[2025-09-11 13:37:25,167] INFO: Transcript saved to: /home/pi/Desktop/v2_Tripple S/transkript.txt
[2025-09-11 13:37:25,168] INFO: Transcript content: 'Ein Bild von einer Kuh die Milch gerade ab. Bekommt und ein Text frische Milch des Liter 2 €.'
[2025-09-11 13:37:25,168] INFO: Processing method: google_speech_api
[2025-09-11 13:37:25,168] INFO: Found audio file at: /home/pi/Desktop/v2_Tripple S/aufnahme.wav
[2025-09-11 13:37:25,168] INFO: Transcript metadata saved to: /home/pi/Desktop/v2_Tripple S/transkript.json
[2025-09-11 13:37:25,168] INFO: ✓ Real Google Speech Recognition - transcript contains actual speech content
[2025-09-11 13:37:25,168] INFO: --- Transcript ready for AI integration (Vertex AI compatible) ---
[2025-09-11 13:37:25,168] INFO: ✓ Speech recognition completed successfully
[2025-09-11 13:37:25,168] INFO: Speech recognition workflow completed successfully
[2025-09-11 13:37:25,664] INFO: Transcript segment: 'Ein Bild von einer Kuh die Milch gerade ab. Bekommt und ein Text frische Milch des Liter 2 €.' (confidence: 0.81)
[2025-09-11 13:37:25,665] INFO: Speech recognition completed successfully
[2025-09-11 13:37:25,665] INFO: Average confidence: 0.81
[2025-09-11 13:37:25,665] INFO: Full transcript: 'Ein Bild von einer Kuh die Milch gerade ab. Bekommt und ein Text frische Milch des Liter 2 €.'
[2025-09-11 13:37:25,666] INFO: ✓ Real Google Speech-to-Text succeeded!
[2025-09-11 13:37:25,667] INFO: --- Recognition Result ---
[2025-09-11 13:37:25,667] INFO: "Ein Bild von einer Kuh die Milch gerade ab. Bekommt und ein Text frische Milch des Liter 2 €."
[2025-09-11 13:37:25,667] INFO: --- End Result ---
[2025-09-11 13:37:25,667] INFO: Transcript saved to: /home/pi/Desktop/v2_Tripple S/transkript.txt
[2025-09-11 13:37:25,667] INFO: Transcript content: 'Ein Bild von einer Kuh die Milch gerade ab. Bekommt und ein Text frische Milch des Liter 2 €.'
[2025-09-11 13:37:25,667] INFO: Processing method: google_speech_api
[2025-09-11 13:37:25,668] INFO: Found audio file at: /home/pi/Desktop/v2_Tripple S/aufnahme.wav
[2025-09-11 13:37:25,668] INFO: Transcript metadata saved to: /home/pi/Desktop/v2_Tripple S/transkript.json
[2025-09-11 13:37:25,668] INFO: ✓ Real Google Speech Recognition - transcript contains actual speech content
[2025-09-11 13:37:25,668] INFO: --- Transcript ready for AI integration (Vertex AI compatible) ---
[2025-09-11 13:37:25,668] INFO: ✓ Speech recognition completed successfully
[2025-09-11 13:37:25,668] INFO: Speech recognition workflow completed successfully
[2025-09-11 13:43:45,549] INFO: Google Cloud Speech-to-Text library loaded successfully
[2025-09-11 13:43:45,550] INFO: === Voice to Google Speech Recognition ===
[2025-09-11 13:43:45,550] INFO: Starting speech-to-text processing...
[2025-09-11 13:43:45,550] INFO: Found audio file at: /home/pi/Desktop/v2_Tripple S/aufnahme.wav
[2025-09-11 13:43:45,550] INFO: Processing audio file: aufnahme.wav
[2025-09-11 13:43:45,550] INFO: Attempting real Google Speech-to-Text recognition...
[2025-09-11 13:43:45,550] INFO: Found Google credentials at: /home/pi/Desktop/v2_Tripple S/cloudKey.json
[2025-09-11 13:43:45,550] INFO: === Audio Format Validation ===
[2025-09-11 13:43:45,550] INFO: Audio format analysis:
[2025-09-11 13:43:45,550] INFO:   Channels: 1 (mono)
[2025-09-11 13:43:45,550] INFO:   Sample rate: 44100 Hz
[2025-09-11 13:43:45,550] INFO:   Sample width: 16 bits
[2025-09-11 13:43:45,550] INFO: ✓ Audio is already in mono format - no conversion needed
[2025-09-11 13:43:45,550] INFO: Audio file size: 1,135,516 bytes (1.08 MB)
[2025-09-11 13:43:45,550] INFO: Initializing Google Speech-to-Text client...
[2025-09-11 13:43:45,789] INFO: Reading mono audio file...
[2025-09-11 13:43:45,791] INFO: Sending mono audio to Google Speech-to-Text API...
[2025-09-11 13:43:45,791] INFO: Using configuration: MONO (1 channel), 44.1kHz, 16-bit PCM, German language
[2025-09-11 13:43:46,435] INFO: Google Cloud Speech-to-Text library loaded successfully
[2025-09-11 13:43:46,435] INFO: === Voice to Google Speech Recognition ===
[2025-09-11 13:43:46,435] INFO: Starting speech-to-text processing...
[2025-09-11 13:43:46,435] INFO: Found audio file at: /home/pi/Desktop/v2_Tripple S/aufnahme.wav
[2025-09-11 13:43:46,435] INFO: Processing audio file: aufnahme.wav
[2025-09-11 13:43:46,435] INFO: Attempting real Google Speech-to-Text recognition...
[2025-09-11 13:43:46,435] ERROR: GOOGLE_APPLICATION_CREDENTIALS environment variable not set
[2025-09-11 13:43:46,435] ERROR: Please set it to point to your service account key file:
[2025-09-11 13:43:46,435] ERROR: export GOOGLE_APPLICATION_CREDENTIALS='/home/pi/Desktop/v2_Tripple S/cloudKey.json'
[2025-09-11 13:43:46,435] INFO: Found credentials at standard location: /home/pi/Desktop/v2_Tripple S/cloudKey.json
[2025-09-11 13:43:46,436] INFO: Consider setting GOOGLE_APPLICATION_CREDENTIALS environment variable
[2025-09-11 13:43:46,436] INFO: === Audio Format Validation ===
[2025-09-11 13:43:46,436] INFO: Audio format analysis:
[2025-09-11 13:43:46,436] INFO:   Channels: 1 (mono)
[2025-09-11 13:43:46,436] INFO:   Sample rate: 44100 Hz
[2025-09-11 13:43:46,436] INFO:   Sample width: 16 bits
[2025-09-11 13:43:46,436] INFO: ✓ Audio is already in mono format - no conversion needed
[2025-09-11 13:43:46,436] INFO: Audio file size: 1,135,516 bytes (1.08 MB)
[2025-09-11 13:43:46,436] INFO: Initializing Google Speech-to-Text client...
[2025-09-11 13:43:46,677] INFO: Reading mono audio file...
[2025-09-11 13:43:46,679] INFO: Sending mono audio to Google Speech-to-Text API...
[2025-09-11 13:43:46,679] INFO: Using configuration: MONO (1 channel), 44.1kHz, 16-bit PCM, German language
[2025-09-11 13:43:50,318] INFO: Transcript segment: 'Ein Bild von einem Schwein das über Holzkohle gegrillt wird im Hintergrund Menschen die Wein trinken und da sollen Text stehen Schweinshaxe heute für 5 € kommt alle vorbei.' (confidence: 0.89)
[2025-09-11 13:43:50,318] INFO: Speech recognition completed successfully
[2025-09-11 13:43:50,318] INFO: Average confidence: 0.89
[2025-09-11 13:43:50,318] INFO: Full transcript: 'Ein Bild von einem Schwein das über Holzkohle gegrillt wird im Hintergrund Menschen die Wein trinken und da sollen Text stehen Schweinshaxe heute für 5 € kommt alle vorbei.'
[2025-09-11 13:43:50,318] INFO: ✓ Real Google Speech-to-Text succeeded!
[2025-09-11 13:43:50,318] INFO: --- Recognition Result ---
[2025-09-11 13:43:50,318] INFO: "Ein Bild von einem Schwein das über Holzkohle gegrillt wird im Hintergrund Menschen die Wein trinken und da sollen Text stehen Schweinshaxe heute für 5 € kommt alle vorbei."
[2025-09-11 13:43:50,318] INFO: --- End Result ---
[2025-09-11 13:43:50,319] INFO: Transcript saved to: /home/pi/Desktop/v2_Tripple S/transkript.txt
[2025-09-11 13:43:50,319] INFO: Transcript content: 'Ein Bild von einem Schwein das über Holzkohle gegrillt wird im Hintergrund Menschen die Wein trinken und da sollen Text stehen Schweinshaxe heute für 5 € kommt alle vorbei.'
[2025-09-11 13:43:50,319] INFO: Processing method: google_speech_api
[2025-09-11 13:43:50,319] INFO: Found audio file at: /home/pi/Desktop/v2_Tripple S/aufnahme.wav
[2025-09-11 13:43:50,794] INFO: Transcript metadata saved to: /home/pi/Desktop/v2_Tripple S/transkript.json
[2025-09-11 13:43:50,794] INFO: ✓ Real Google Speech Recognition - transcript contains actual speech content
[2025-09-11 13:43:50,794] INFO: --- Transcript ready for AI integration (Vertex AI compatible) ---
[2025-09-11 13:43:50,794] INFO: ✓ Speech recognition completed successfully
[2025-09-11 13:43:50,794] INFO: Speech recognition workflow completed successfully
[2025-09-11 13:43:51,829] INFO: Transcript segment: 'Ein Bild von einem Schwein das über Holzkohle gegrillt wird im Hintergrund Menschen die Wein trinken und da sollen Text stehen Schweinshaxe heute für 5 € kommt alle vorbei.' (confidence: 0.89)
[2025-09-11 13:43:53,850] INFO: Speech recognition completed successfully
[2025-09-11 13:43:53,850] INFO: Average confidence: 0.89
[2025-09-11 13:43:53,850] INFO: Full transcript: 'Ein Bild von einem Schwein das über Holzkohle gegrillt wird im Hintergrund Menschen die Wein trinken und da sollen Text stehen Schweinshaxe heute für 5 € kommt alle vorbei.'
[2025-09-11 13:43:53,851] INFO: ✓ Real Google Speech-to-Text succeeded!
[2025-09-11 13:43:53,851] INFO: --- Recognition Result ---
[2025-09-11 13:43:53,851] INFO: "Ein Bild von einem Schwein das über Holzkohle gegrillt wird im Hintergrund Menschen die Wein trinken und da sollen Text stehen Schweinshaxe heute für 5 € kommt alle vorbei."
[2025-09-11 13:43:53,851] INFO: --- End Result ---
[2025-09-11 13:43:53,851] INFO: Transcript saved to: /home/pi/Desktop/v2_Tripple S/transkript.txt
[2025-09-11 13:43:53,852] INFO: Transcript content: 'Ein Bild von einem Schwein das über Holzkohle gegrillt wird im Hintergrund Menschen die Wein trinken und da sollen Text stehen Schweinshaxe heute für 5 € kommt alle vorbei.'
[2025-09-11 13:43:53,852] INFO: Processing method: google_speech_api
[2025-09-11 13:43:53,852] INFO: Found audio file at: /home/pi/Desktop/v2_Tripple S/aufnahme.wav
[2025-09-11 13:43:53,852] INFO: Transcript metadata saved to: /home/pi/Desktop/v2_Tripple S/transkript.json
[2025-09-11 13:43:53,853] INFO: ✓ Real Google Speech Recognition - transcript contains actual speech content
[2025-09-11 13:43:53,853] INFO: --- Transcript ready for AI integration (Vertex AI compatible) ---
[2025-09-11 13:43:53,853] INFO: ✓ Speech recognition completed successfully
[2025-09-11 13:43:53,853] INFO: Speech recognition workflow completed successfully
[2025-09-11 13:47:13,941] INFO: Google Cloud Speech-to-Text library loaded successfully
[2025-09-11 13:47:13,942] INFO: === Voice to Google Speech Recognition ===
[2025-09-11 13:47:13,942] INFO: Starting speech-to-text processing...
[2025-09-11 13:47:13,942] INFO: Found audio file at: /home/pi/Desktop/v2_Tripple S/aufnahme.wav
[2025-09-11 13:47:13,942] INFO: Processing audio file: aufnahme.wav
[2025-09-11 13:47:13,942] INFO: Attempting real Google Speech-to-Text recognition...
[2025-09-11 13:47:13,942] INFO: Found Google credentials at: /home/pi/Desktop/v2_Tripple S/cloudKey.json
[2025-09-11 13:47:13,942] INFO: === Audio Format Validation ===
[2025-09-11 13:47:13,942] INFO: Audio format analysis:
[2025-09-11 13:47:13,942] INFO:   Channels: 1 (mono)
[2025-09-11 13:47:13,942] INFO:   Sample rate: 44100 Hz
[2025-09-11 13:47:13,942] INFO:   Sample width: 16 bits
[2025-09-11 13:47:13,942] INFO: ✓ Audio is already in mono format - no conversion needed
[2025-09-11 13:47:13,942] INFO: Audio file size: 1,697,740 bytes (1.62 MB)
[2025-09-11 13:47:13,942] INFO: Initializing Google Speech-to-Text client...
[2025-09-11 13:47:14,189] INFO: Reading mono audio file...
[2025-09-11 13:47:14,193] INFO: Sending mono audio to Google Speech-to-Text API...
[2025-09-11 13:47:14,194] INFO: Using configuration: MONO (1 channel), 44.1kHz, 16-bit PCM, German language
[2025-09-11 13:47:14,547] INFO: Google Cloud Speech-to-Text library loaded successfully
[2025-09-11 13:47:14,547] INFO: === Voice to Google Speech Recognition ===
[2025-09-11 13:47:14,547] INFO: Starting speech-to-text processing...
[2025-09-11 13:47:14,547] INFO: Found audio file at: /home/pi/Desktop/v2_Tripple S/aufnahme.wav
[2025-09-11 13:47:14,547] INFO: Processing audio file: aufnahme.wav
[2025-09-11 13:47:14,547] INFO: Attempting real Google Speech-to-Text recognition...
[2025-09-11 13:47:14,547] ERROR: GOOGLE_APPLICATION_CREDENTIALS environment variable not set
[2025-09-11 13:47:14,547] ERROR: Please set it to point to your service account key file:
[2025-09-11 13:47:14,548] ERROR: export GOOGLE_APPLICATION_CREDENTIALS='/home/pi/Desktop/v2_Tripple S/cloudKey.json'
[2025-09-11 13:47:14,548] INFO: Found credentials at standard location: /home/pi/Desktop/v2_Tripple S/cloudKey.json
[2025-09-11 13:47:14,548] INFO: Consider setting GOOGLE_APPLICATION_CREDENTIALS environment variable
[2025-09-11 13:47:14,548] INFO: === Audio Format Validation ===
[2025-09-11 13:47:14,548] INFO: Audio format analysis:
[2025-09-11 13:47:14,548] INFO:   Channels: 1 (mono)
[2025-09-11 13:47:14,548] INFO:   Sample rate: 44100 Hz
[2025-09-11 13:47:14,548] INFO:   Sample width: 16 bits
[2025-09-11 13:47:14,548] INFO: ✓ Audio is already in mono format - no conversion needed
[2025-09-11 13:47:14,548] INFO: Audio file size: 1,697,740 bytes (1.62 MB)
[2025-09-11 13:47:14,548] INFO: Initializing Google Speech-to-Text client...
[2025-09-11 13:47:14,788] INFO: Reading mono audio file...
[2025-09-11 13:47:14,790] INFO: Sending mono audio to Google Speech-to-Text API...
[2025-09-11 13:47:14,790] INFO: Using configuration: MONO (1 channel), 44.1kHz, 16-bit PCM, German language
[2025-09-11 13:47:20,484] INFO: Transcript segment: 'Ein Bild von einem Schwein das über einem Feuer gegrillt wird im Hintergrund Menschen die Wein trinken und ein Text am 30.12. Riesen Party bei uns im Hause kommen Sie vorbei Eintritt 30 € Verpflegung gratis.' (confidence: 0.88)
[2025-09-11 13:47:20,484] INFO: Speech recognition completed successfully
[2025-09-11 13:47:20,484] INFO: Average confidence: 0.88
[2025-09-11 13:47:20,484] INFO: Full transcript: 'Ein Bild von einem Schwein das über einem Feuer gegrillt wird im Hintergrund Menschen die Wein trinken und ein Text am 30.12. Riesen Party bei uns im Hause kommen Sie vorbei Eintritt 30 € Verpflegung gratis.'
[2025-09-11 13:47:20,485] INFO: ✓ Real Google Speech-to-Text succeeded!
[2025-09-11 13:47:20,485] INFO: --- Recognition Result ---
[2025-09-11 13:47:20,485] INFO: "Ein Bild von einem Schwein das über einem Feuer gegrillt wird im Hintergrund Menschen die Wein trinken und ein Text am 30.12. Riesen Party bei uns im Hause kommen Sie vorbei Eintritt 30 € Verpflegung gratis."
[2025-09-11 13:47:20,485] INFO: --- End Result ---
[2025-09-11 13:47:20,486] INFO: Transcript saved to: /home/pi/Desktop/v2_Tripple S/transkript.txt
[2025-09-11 13:47:20,486] INFO: Transcript content: 'Ein Bild von einem Schwein das über einem Feuer gegrillt wird im Hintergrund Menschen die Wein trinken und ein Text am 30.12. Riesen Party bei uns im Hause kommen Sie vorbei Eintritt 30 € Verpflegung gratis.'
[2025-09-11 13:47:20,486] INFO: Processing method: google_speech_api
[2025-09-11 13:47:20,486] INFO: Found audio file at: /home/pi/Desktop/v2_Tripple S/aufnahme.wav
[2025-09-11 13:47:20,486] INFO: Transcript metadata saved to: /home/pi/Desktop/v2_Tripple S/transkript.json
[2025-09-11 13:47:20,486] INFO: ✓ Real Google Speech Recognition - transcript contains actual speech content
[2025-09-11 13:47:20,487] INFO: --- Transcript ready for AI integration (Vertex AI compatible) ---
[2025-09-11 13:47:20,487] INFO: ✓ Speech recognition completed successfully
[2025-09-11 13:47:20,487] INFO: Speech recognition workflow completed successfully
[2025-09-11 13:47:21,409] INFO: Transcript segment: 'Ein Bild von einem Schwein das über einem Feuer gegrillt wird im Hintergrund Menschen die Wein trinken und ein Text am 30.12. Riesen Party bei uns im Hause kommen Sie vorbei Eintritt 30 € Verpflegung gratis.' (confidence: 0.88)
[2025-09-11 13:47:21,409] INFO: Speech recognition completed successfully
[2025-09-11 13:47:21,409] INFO: Average confidence: 0.88
[2025-09-11 13:47:21,409] INFO: Full transcript: 'Ein Bild von einem Schwein das über einem Feuer gegrillt wird im Hintergrund Menschen die Wein trinken und ein Text am 30.12. Riesen Party bei uns im Hause kommen Sie vorbei Eintritt 30 € Verpflegung gratis.'
[2025-09-11 13:47:21,409] INFO: ✓ Real Google Speech-to-Text succeeded!
[2025-09-11 13:47:21,410] INFO: --- Recognition Result ---
[2025-09-11 13:47:21,410] INFO: "Ein Bild von einem Schwein das über einem Feuer gegrillt wird im Hintergrund Menschen die Wein trinken und ein Text am 30.12. Riesen Party bei uns im Hause kommen Sie vorbei Eintritt 30 € Verpflegung gratis."
[2025-09-11 13:47:21,410] INFO: --- End Result ---
[2025-09-11 13:47:21,410] INFO: Transcript saved to: /home/pi/Desktop/v2_Tripple S/transkript.txt
[2025-09-11 13:47:21,410] INFO: Transcript content: 'Ein Bild von einem Schwein das über einem Feuer gegrillt wird im Hintergrund Menschen die Wein trinken und ein Text am 30.12. Riesen Party bei uns im Hause kommen Sie vorbei Eintritt 30 € Verpflegung gratis.'
[2025-09-11 13:47:21,410] INFO: Processing method: google_speech_api
[2025-09-11 13:47:21,410] INFO: Found audio file at: /home/pi/Desktop/v2_Tripple S/aufnahme.wav
[2025-09-11 13:47:21,411] INFO: Transcript metadata saved to: /home/pi/Desktop/v2_Tripple S/transkript.json
[2025-09-11 13:47:21,411] INFO: ✓ Real Google Speech Recognition - transcript contains actual speech content
[2025-09-11 13:47:21,411] INFO: --- Transcript ready for AI integration (Vertex AI compatible) ---
[2025-09-11 13:47:21,411] INFO: ✓ Speech recognition completed successfully
[2025-09-11 13:47:21,411] INFO: Speech recognition workflow completed successfully
